<?xml version="1.0" encoding="utf-8" standalone="no"?>
<test-run id="0" runstate="Runnable" testcasecount="0" result="Failed" label="Invalid" total="0" passed="0" failed="0" warnings="0" inconclusive="0" skipped="0" asserts="0" engine-version="3.15.4.0" clr-version="4.0.30319.42000" start-time="2023-09-19 17:36:00Z" end-time="2023-09-19 17:36:01Z" duration="0.861350">
  <command-line><![CDATA["C:\Program Files (x86)\NUnit.org\nunit-console\nunit3-console.exe" BookAppointment.dll]]></command-line>
  <test-suite type="Assembly" id="1-1" name="BookAppointment.dll" fullname="C:\Users\mayow\source\repos\CircleHealthGroup\CircleHealthGroup\bin\Debug\net6.0\BookAppointment.dll" testcasecount="0" runstate="NotRunnable" result="Failed" label="Invalid">
    <properties>
      <property name="_SKIPREASON" value="File not found: C:\Users\mayow\source\repos\CircleHealthGroup\CircleHealthGroup\bin\Debug\net6.0\BookAppointment.dll" />
    </properties>
    <reason>
      <message>File not found: C:\Users\mayow\source\repos\CircleHealthGroup\CircleHealthGroup\bin\Debug\net6.0\BookAppointment.dll</message>
    </reason>
  </test-suite>
</test-run>